13-Apr-2020 15:52:15.444 INFO [main] org.apache.catalina.startup.VersionLoggerListener.log Server version name:   Apache Tomcat/9.0.31
13-Apr-2020 15:52:15.449 INFO [main] org.apache.catalina.startup.VersionLoggerListener.log Server built:          Feb 5 2020 19:32:12 UTC
13-Apr-2020 15:52:15.449 INFO [main] org.apache.catalina.startup.VersionLoggerListener.log Server version number: 9.0.31.0
13-Apr-2020 15:52:15.449 INFO [main] org.apache.catalina.startup.VersionLoggerListener.log OS Name:               Windows 10
13-Apr-2020 15:52:15.449 INFO [main] org.apache.catalina.startup.VersionLoggerListener.log OS Version:            10.0
13-Apr-2020 15:52:15.449 INFO [main] org.apache.catalina.startup.VersionLoggerListener.log Architecture:          amd64
13-Apr-2020 15:52:15.449 INFO [main] org.apache.catalina.startup.VersionLoggerListener.log Java Home:             C:\Program Files\Java\jdk1.8.0_241\jre
13-Apr-2020 15:52:15.450 INFO [main] org.apache.catalina.startup.VersionLoggerListener.log JVM Version:           1.8.0_241-b07
13-Apr-2020 15:52:15.450 INFO [main] org.apache.catalina.startup.VersionLoggerListener.log JVM Vendor:            Oracle Corporation
13-Apr-2020 15:52:15.450 INFO [main] org.apache.catalina.startup.VersionLoggerListener.log CATALINA_BASE:         E:\apache-tomcat-9.0.31
13-Apr-2020 15:52:15.450 INFO [main] org.apache.catalina.startup.VersionLoggerListener.log CATALINA_HOME:         E:\apache-tomcat-9.0.31
13-Apr-2020 15:52:15.453 INFO [main] org.apache.catalina.startup.VersionLoggerListener.log Command line argument: -Djava.util.logging.config.file=E:\apache-tomcat-9.0.31\conf\logging.properties
13-Apr-2020 15:52:15.453 INFO [main] org.apache.catalina.startup.VersionLoggerListener.log Command line argument: -Djava.util.logging.manager=org.apache.juli.ClassLoaderLogManager
13-Apr-2020 15:52:15.453 INFO [main] org.apache.catalina.startup.VersionLoggerListener.log Command line argument: -Dhttp.nonProxyHosts=localhost|127.0.0.1|DESKTOP-0E1EC67
13-Apr-2020 15:52:15.453 INFO [main] org.apache.catalina.startup.VersionLoggerListener.log Command line argument: -Djdk.tls.ephemeralDHKeySize=2048
13-Apr-2020 15:52:15.453 INFO [main] org.apache.catalina.startup.VersionLoggerListener.log Command line argument: -Djava.protocol.handler.pkgs=org.apache.catalina.webresources
13-Apr-2020 15:52:15.454 INFO [main] org.apache.catalina.startup.VersionLoggerListener.log Command line argument: -Dignore.endorsed.dirs=
13-Apr-2020 15:52:15.454 INFO [main] org.apache.catalina.startup.VersionLoggerListener.log Command line argument: -Dcatalina.base=E:\apache-tomcat-9.0.31
13-Apr-2020 15:52:15.454 INFO [main] org.apache.catalina.startup.VersionLoggerListener.log Command line argument: -Dcatalina.home=E:\apache-tomcat-9.0.31
13-Apr-2020 15:52:15.454 INFO [main] org.apache.catalina.startup.VersionLoggerListener.log Command line argument: -Djava.io.tmpdir=E:\apache-tomcat-9.0.31\temp
13-Apr-2020 15:52:15.454 INFO [main] org.apache.catalina.core.AprLifecycleListener.lifecycleEvent The APR based Apache Tomcat Native library which allows optimal performance in production environments was not found on the java.library.path: [C:\Program Files\Java\jdk1.8.0_241\bin;C:\WINDOWS\Sun\Java\bin;C:\WINDOWS\system32;C:\WINDOWS;C:\Program Files (x86)\Common Files\Oracle\Java\javapath;C:\Program Files (x86)\Intel\iCLS Client\;C:\Program Files\Intel\iCLS Client\;C:\WINDOWS\system32;C:\WINDOWS;C:\WINDOWS\System32\Wbem;C:\WINDOWS\System32\WindowsPowerShell\v1.0\;C:\WINDOWS\System32\OpenSSH\;C:\Program Files (x86)\NVIDIA Corporation\PhysX\Common;C:\Program Files (x86)\Intel\Intel(R) Management Engine Components\DAL;C:\Program Files\Intel\Intel(R) Management Engine Components\DAL;C:\Program Files (x86)\Intel\Intel(R) Management Engine Components\IPT;C:\Program Files\Intel\Intel(R) Management Engine Components\IPT;C:\Program Files\Docker\Docker\resources\bin;C:\ProgramData\DockerDesktop\version-bin;C:\Program Files\MySQL\MySQL Shell 8.0\bin\;C:\Users\ntnhu\AppData\Local\Programs\Python\Python38-32\Scripts\;C:\Users\ntnhu\AppData\Local\Programs\Python\Python38-32\;C:\Users\ntnhu\AppData\Local\Microsoft\WindowsApps;;C:\Program Files\JetBrains\IntelliJ IDEA 2019.3.3\bin;;C:\Program Files\JetBrains\PyCharm 2019.3.3\bin;;.]
13-Apr-2020 15:52:17.136 INFO [main] org.apache.coyote.AbstractProtocol.init Initializing ProtocolHandler ["http-nio-8080"]
13-Apr-2020 15:52:18.037 INFO [main] org.apache.catalina.startup.Catalina.load Server initialization in [3,069] milliseconds
13-Apr-2020 15:52:18.127 INFO [main] org.apache.catalina.core.StandardService.startInternal Starting service [Catalina]
13-Apr-2020 15:52:18.127 INFO [main] org.apache.catalina.core.StandardEngine.startInternal Starting Servlet engine: [Apache Tomcat/9.0.31]
13-Apr-2020 15:52:18.165 INFO [main] org.apache.catalina.startup.HostConfig.deployDescriptor Deploying deployment descriptor [E:\apache-tomcat-9.0.31\conf\Catalina\localhost\qldt.xml]
13-Apr-2020 15:52:18.238 WARNING [main] org.apache.catalina.startup.HostConfig.deployDescriptor The path attribute with value [/qldt] in deployment descriptor [E:\apache-tomcat-9.0.31\conf\Catalina\localhost\qldt.xml] has been ignored
13-Apr-2020 15:52:19.541 INFO [main] org.apache.jasper.servlet.TldScanner.scanJars At least one JAR was scanned for TLDs yet contained no TLDs. Enable debug logging for this logger for a complete list of JARs that were scanned but no TLDs were found in them. Skipping unneeded JARs during scanning can improve startup time and JSP compilation time.
13-Apr-2020 15:52:19.610 INFO [main] org.apache.catalina.startup.HostConfig.deployDescriptor Deployment of deployment descriptor [E:\apache-tomcat-9.0.31\conf\Catalina\localhost\qldt.xml] has finished in [1,445] ms
13-Apr-2020 15:52:19.611 INFO [main] org.apache.catalina.startup.HostConfig.deployDescriptor Deploying deployment descriptor [E:\apache-tomcat-9.0.31\conf\Catalina\localhost\ROOT.xml]
13-Apr-2020 15:52:19.618 WARNING [main] org.apache.catalina.core.StandardContext.setPath A context path must either be an empty string or start with a '/' and do not end with a '/'. The path [/] does not meet these criteria and has been changed to []
13-Apr-2020 15:52:19.619 WARNING [main] org.apache.catalina.startup.HostConfig.deployDescriptor The path attribute with value [] in deployment descriptor [E:\apache-tomcat-9.0.31\conf\Catalina\localhost\ROOT.xml] has been ignored
13-Apr-2020 15:52:20.363 INFO [main] org.apache.jasper.servlet.TldScanner.scanJars At least one JAR was scanned for TLDs yet contained no TLDs. Enable debug logging for this logger for a complete list of JARs that were scanned but no TLDs were found in them. Skipping unneeded JARs during scanning can improve startup time and JSP compilation time.
13-Apr-2020 15:52:20.393 INFO [main] org.apache.catalina.startup.HostConfig.deployDescriptor Deployment of deployment descriptor [E:\apache-tomcat-9.0.31\conf\Catalina\localhost\ROOT.xml] has finished in [783] ms
13-Apr-2020 15:52:20.394 INFO [main] org.apache.catalina.startup.HostConfig.deployDirectory Deploying web application directory [E:\apache-tomcat-9.0.31\webapps\docs]
13-Apr-2020 15:52:20.492 INFO [main] org.apache.catalina.startup.HostConfig.deployDirectory Deployment of web application directory [E:\apache-tomcat-9.0.31\webapps\docs] has finished in [98] ms
13-Apr-2020 15:52:20.493 INFO [main] org.apache.catalina.startup.HostConfig.deployDirectory Deploying web application directory [E:\apache-tomcat-9.0.31\webapps\examples]
13-Apr-2020 15:52:23.593 INFO [main] org.apache.catalina.startup.HostConfig.deployDirectory Deployment of web application directory [E:\apache-tomcat-9.0.31\webapps\examples] has finished in [3,097] ms
13-Apr-2020 15:52:23.594 INFO [main] org.apache.catalina.startup.HostConfig.deployDirectory Deploying web application directory [E:\apache-tomcat-9.0.31\webapps\host-manager]
13-Apr-2020 15:52:23.823 INFO [main] org.apache.catalina.startup.HostConfig.deployDirectory Deployment of web application directory [E:\apache-tomcat-9.0.31\webapps\host-manager] has finished in [229] ms
13-Apr-2020 15:52:23.825 INFO [main] org.apache.catalina.startup.HostConfig.deployDirectory Deploying web application directory [E:\apache-tomcat-9.0.31\webapps\manager]
13-Apr-2020 15:52:23.973 INFO [main] org.apache.catalina.startup.HostConfig.deployDirectory Deployment of web application directory [E:\apache-tomcat-9.0.31\webapps\manager] has finished in [149] ms
13-Apr-2020 15:52:23.986 INFO [main] org.apache.coyote.AbstractProtocol.start Starting ProtocolHandler ["http-nio-8080"]
13-Apr-2020 15:52:24.036 INFO [main] org.apache.catalina.startup.Catalina.start Server startup in [5,992] milliseconds
13-Apr-2020 15:52:31.901 INFO [http-nio-8080-exec-3] org.apache.catalina.startup.HostConfig.undeploy Undeploying context []
13-Apr-2020 15:52:31.987 INFO [http-nio-8080-exec-5] org.apache.catalina.startup.HostConfig.deployDescriptor Deploying deployment descriptor [E:\apache-tomcat-9.0.31\conf\Catalina\localhost\ROOT.xml]
13-Apr-2020 15:52:31.991 WARNING [http-nio-8080-exec-5] org.apache.catalina.core.StandardContext.setPath A context path must either be an empty string or start with a '/' and do not end with a '/'. The path [/] does not meet these criteria and has been changed to []
13-Apr-2020 15:52:31.992 WARNING [http-nio-8080-exec-5] org.apache.catalina.startup.HostConfig.deployDescriptor The path attribute with value [] in deployment descriptor [E:\apache-tomcat-9.0.31\conf\Catalina\localhost\ROOT.xml] has been ignored
13-Apr-2020 15:52:32.544 INFO [http-nio-8080-exec-5] org.apache.jasper.servlet.TldScanner.scanJars At least one JAR was scanned for TLDs yet contained no TLDs. Enable debug logging for this logger for a complete list of JARs that were scanned but no TLDs were found in them. Skipping unneeded JARs during scanning can improve startup time and JSP compilation time.
13-Apr-2020 15:52:32.551 INFO [http-nio-8080-exec-5] org.apache.catalina.startup.HostConfig.deployDescriptor Deployment of deployment descriptor [E:\apache-tomcat-9.0.31\conf\Catalina\localhost\ROOT.xml] has finished in [564] ms
13-Apr-2020 15:52:32.558 INFO [http-nio-8080-exec-8] org.apache.catalina.util.LifecycleBase.start The start() method was called on component [StandardEngine[Catalina].StandardHost[localhost].StandardContext[]] after start() had already been called. The second call will be ignored.
13-Apr-2020 16:26:02.663 INFO [main] org.apache.catalina.core.StandardServer.await A valid shutdown command was received via the shutdown port. Stopping the Server instance.
13-Apr-2020 16:26:02.664 INFO [main] org.apache.coyote.AbstractProtocol.pause Pausing ProtocolHandler ["http-nio-8080"]
13-Apr-2020 16:26:03.110 INFO [main] org.apache.catalina.core.StandardService.stopInternal Stopping service [Catalina]
13-Apr-2020 16:26:03.122 WARNING [main] org.apache.catalina.loader.WebappClassLoaderBase.clearReferencesJdbc The web application [ROOT] registered the JDBC driver [com.mysql.cj.jdbc.Driver] but failed to unregister it when the web application was stopped. To prevent a memory leak, the JDBC Driver has been forcibly unregistered.
13-Apr-2020 16:26:03.123 WARNING [main] org.apache.catalina.loader.WebappClassLoaderBase.clearReferencesThreads The web application [ROOT] appears to have started a thread named [mysql-cj-abandoned-connection-cleanup] but has failed to stop it. This is very likely to create a memory leak. Stack trace of thread:
 java.lang.Object.wait(Native Method)
 java.lang.ref.ReferenceQueue.remove(ReferenceQueue.java:144)
 com.mysql.cj.jdbc.AbandonedConnectionCleanupThread.run(AbandonedConnectionCleanupThread.java:85)
 java.util.concurrent.ThreadPoolExecutor.runWorker(ThreadPoolExecutor.java:1149)
 java.util.concurrent.ThreadPoolExecutor$Worker.run(ThreadPoolExecutor.java:624)
 java.lang.Thread.run(Thread.java:748)
13-Apr-2020 16:26:03.166 INFO [main] org.apache.coyote.AbstractProtocol.stop Stopping ProtocolHandler ["http-nio-8080"]
13-Apr-2020 16:26:03.195 INFO [main] org.apache.coyote.AbstractProtocol.destroy Destroying ProtocolHandler ["http-nio-8080"]
