14-Jun-2020 09:33:59.959 INFO [main] org.apache.catalina.startup.VersionLoggerListener.log Server version name:   Apache Tomcat/9.0.31
14-Jun-2020 09:33:59.962 INFO [main] org.apache.catalina.startup.VersionLoggerListener.log Server built:          Feb 5 2020 19:32:12 UTC
14-Jun-2020 09:33:59.962 INFO [main] org.apache.catalina.startup.VersionLoggerListener.log Server version number: 9.0.31.0
14-Jun-2020 09:33:59.963 INFO [main] org.apache.catalina.startup.VersionLoggerListener.log OS Name:               Windows 10
14-Jun-2020 09:33:59.963 INFO [main] org.apache.catalina.startup.VersionLoggerListener.log OS Version:            10.0
14-Jun-2020 09:33:59.963 INFO [main] org.apache.catalina.startup.VersionLoggerListener.log Architecture:          amd64
14-Jun-2020 09:33:59.963 INFO [main] org.apache.catalina.startup.VersionLoggerListener.log Java Home:             C:\Program Files\Java\jdk1.8.0_241\jre
14-Jun-2020 09:33:59.963 INFO [main] org.apache.catalina.startup.VersionLoggerListener.log JVM Version:           1.8.0_241-b07
14-Jun-2020 09:33:59.963 INFO [main] org.apache.catalina.startup.VersionLoggerListener.log JVM Vendor:            Oracle Corporation
14-Jun-2020 09:33:59.963 INFO [main] org.apache.catalina.startup.VersionLoggerListener.log CATALINA_BASE:         E:\apache-tomcat-9.0.31
14-Jun-2020 09:33:59.963 INFO [main] org.apache.catalina.startup.VersionLoggerListener.log CATALINA_HOME:         E:\apache-tomcat-9.0.31
14-Jun-2020 09:33:59.965 INFO [main] org.apache.catalina.startup.VersionLoggerListener.log Command line argument: -Djava.util.logging.config.file=E:\apache-tomcat-9.0.31\conf\logging.properties
14-Jun-2020 09:33:59.966 INFO [main] org.apache.catalina.startup.VersionLoggerListener.log Command line argument: -Djava.util.logging.manager=org.apache.juli.ClassLoaderLogManager
14-Jun-2020 09:33:59.966 INFO [main] org.apache.catalina.startup.VersionLoggerListener.log Command line argument: -Dhttp.nonProxyHosts=localhost|127.0.0.1|DESKTOP-0E1EC67
14-Jun-2020 09:33:59.966 INFO [main] org.apache.catalina.startup.VersionLoggerListener.log Command line argument: -Djdk.tls.ephemeralDHKeySize=2048
14-Jun-2020 09:33:59.966 INFO [main] org.apache.catalina.startup.VersionLoggerListener.log Command line argument: -Djava.protocol.handler.pkgs=org.apache.catalina.webresources
14-Jun-2020 09:33:59.967 INFO [main] org.apache.catalina.startup.VersionLoggerListener.log Command line argument: -Dignore.endorsed.dirs=
14-Jun-2020 09:33:59.967 INFO [main] org.apache.catalina.startup.VersionLoggerListener.log Command line argument: -Dcatalina.base=E:\apache-tomcat-9.0.31
14-Jun-2020 09:33:59.967 INFO [main] org.apache.catalina.startup.VersionLoggerListener.log Command line argument: -Dcatalina.home=E:\apache-tomcat-9.0.31
14-Jun-2020 09:33:59.967 INFO [main] org.apache.catalina.startup.VersionLoggerListener.log Command line argument: -Djava.io.tmpdir=E:\apache-tomcat-9.0.31\temp
14-Jun-2020 09:33:59.967 INFO [main] org.apache.catalina.core.AprLifecycleListener.lifecycleEvent The APR based Apache Tomcat Native library which allows optimal performance in production environments was not found on the java.library.path: [C:\Program Files\Java\jdk1.8.0_241\bin;C:\WINDOWS\Sun\Java\bin;C:\WINDOWS\system32;C:\WINDOWS;C:\Program Files (x86)\Common Files\Oracle\Java\javapath;C:\Program Files (x86)\Intel\iCLS Client\;C:\Program Files\Intel\iCLS Client\;C:\WINDOWS\system32;C:\WINDOWS;C:\WINDOWS\System32\Wbem;C:\WINDOWS\System32\WindowsPowerShell\v1.0\;C:\WINDOWS\System32\OpenSSH\;C:\Program Files (x86)\NVIDIA Corporation\PhysX\Common;C:\Program Files (x86)\Intel\Intel(R) Management Engine Components\DAL;C:\Program Files\Intel\Intel(R) Management Engine Components\DAL;C:\Program Files (x86)\Intel\Intel(R) Management Engine Components\IPT;C:\Program Files\Intel\Intel(R) Management Engine Components\IPT;C:\WINDOWS\system32;C:\WINDOWS;C:\WINDOWS\System32\Wbem;C:\WINDOWS\System32\WindowsPowerShell\v1.0\;C:\WINDOWS\System32\OpenSSH\;C:\Program Files\MySQL\MySQL Shell 8.0\bin\;C:\Users\ntnhu\AppData\Local\Programs\Python\Python38-32\Scripts\;C:\Users\ntnhu\AppData\Local\Programs\Python\Python38-32\;C:\Users\ntnhu\AppData\Local\Microsoft\WindowsApps;;C:\Program Files\JetBrains\IntelliJ IDEA 2019.3.3\bin;;C:\Program Files\JetBrains\PyCharm 2019.3.3\bin;;.]
14-Jun-2020 09:34:00.729 INFO [main] org.apache.coyote.AbstractProtocol.init Initializing ProtocolHandler ["http-nio-8080"]
14-Jun-2020 09:34:01.133 INFO [main] org.apache.catalina.startup.Catalina.load Server initialization in [1,690] milliseconds
14-Jun-2020 09:34:01.228 INFO [main] org.apache.catalina.core.StandardService.startInternal Starting service [Catalina]
14-Jun-2020 09:34:01.229 INFO [main] org.apache.catalina.core.StandardEngine.startInternal Starting Servlet engine: [Apache Tomcat/9.0.31]
14-Jun-2020 09:34:01.240 INFO [main] org.apache.catalina.startup.HostConfig.deployDescriptor Deploying deployment descriptor [E:\apache-tomcat-9.0.31\conf\Catalina\localhost\Bai1WSDL.xml]
14-Jun-2020 09:34:01.275 WARNING [main] org.apache.catalina.startup.HostConfig.deployDescriptor The path attribute with value [/Bai1WSDL] in deployment descriptor [E:\apache-tomcat-9.0.31\conf\Catalina\localhost\Bai1WSDL.xml] has been ignored
14-Jun-2020 09:34:06.146 INFO [main] org.apache.jasper.servlet.TldScanner.scanJars At least one JAR was scanned for TLDs yet contained no TLDs. Enable debug logging for this logger for a complete list of JARs that were scanned but no TLDs were found in them. Skipping unneeded JARs during scanning can improve startup time and JSP compilation time.
14-Jun-2020 09:34:06.230 INFO [main] com.sun.xml.ws.transport.http.servlet.WSServletContextListener.contextInitialized WSSERVLET12: JAX-WS context listener initializing
14-Jun-2020 09:34:11.751 INFO [main] com.sun.xml.ws.server.MonitorBase.createRoot Metro monitoring rootname successfully set to: com.sun.metro:pp=/,type=WSEndpoint,name=/Bai1WSDL-PaymentServiceImplService-PaymentServiceImplPort
14-Jun-2020 09:34:12.148 INFO [main] com.sun.xml.ws.transport.http.servlet.WSServletDelegate.<init> WSSERVLET14: JAX-WS servlet initializing
14-Jun-2020 09:34:12.210 INFO [main] org.apache.catalina.startup.HostConfig.deployDescriptor Deployment of deployment descriptor [E:\apache-tomcat-9.0.31\conf\Catalina\localhost\Bai1WSDL.xml] has finished in [10,965] ms
14-Jun-2020 09:34:12.210 INFO [main] org.apache.catalina.startup.HostConfig.deployDescriptor Deploying deployment descriptor [E:\apache-tomcat-9.0.31\conf\Catalina\localhost\Bai2WSDL.xml]
14-Jun-2020 09:34:12.227 WARNING [main] org.apache.catalina.startup.HostConfig.deployDescriptor The path attribute with value [/Bai2WSDL] in deployment descriptor [E:\apache-tomcat-9.0.31\conf\Catalina\localhost\Bai2WSDL.xml] has been ignored
14-Jun-2020 09:34:17.773 INFO [main] org.apache.jasper.servlet.TldScanner.scanJars At least one JAR was scanned for TLDs yet contained no TLDs. Enable debug logging for this logger for a complete list of JARs that were scanned but no TLDs were found in them. Skipping unneeded JARs during scanning can improve startup time and JSP compilation time.
14-Jun-2020 09:34:17.796 INFO [main] com.sun.xml.ws.transport.http.servlet.WSServletContextListener.contextInitialized WSSERVLET12: JAX-WS context listener initializing
14-Jun-2020 09:34:24.026 INFO [main] com.sun.xml.ws.server.MonitorBase.createRoot Metro monitoring rootname successfully set to: com.sun.metro:pp=/,type=WSEndpoint,name=/Bai2WSDL-OrderServiceImplService-OrderServiceImplPort
14-Jun-2020 09:34:24.414 INFO [main] com.sun.xml.ws.transport.http.servlet.WSServletDelegate.<init> WSSERVLET14: JAX-WS servlet initializing
14-Jun-2020 09:34:24.418 INFO [main] org.apache.catalina.startup.HostConfig.deployDescriptor Deployment of deployment descriptor [E:\apache-tomcat-9.0.31\conf\Catalina\localhost\Bai2WSDL.xml] has finished in [12,208] ms
14-Jun-2020 09:34:24.420 INFO [main] org.apache.catalina.startup.HostConfig.deployDescriptor Deploying deployment descriptor [E:\apache-tomcat-9.0.31\conf\Catalina\localhost\Bai3WSDL.xml]
14-Jun-2020 09:34:24.443 WARNING [main] org.apache.catalina.startup.HostConfig.deployDescriptor The path attribute with value [/Bai3WSDL] in deployment descriptor [E:\apache-tomcat-9.0.31\conf\Catalina\localhost\Bai3WSDL.xml] has been ignored
14-Jun-2020 09:34:27.609 INFO [main] org.apache.jasper.servlet.TldScanner.scanJars At least one JAR was scanned for TLDs yet contained no TLDs. Enable debug logging for this logger for a complete list of JARs that were scanned but no TLDs were found in them. Skipping unneeded JARs during scanning can improve startup time and JSP compilation time.
14-Jun-2020 09:34:27.629 INFO [main] com.sun.xml.ws.transport.http.servlet.WSServletContextListener.contextInitialized WSSERVLET12: JAX-WS context listener initializing
14-Jun-2020 09:34:32.264 INFO [main] com.sun.xml.ws.server.MonitorBase.createRoot Metro monitoring rootname successfully set to: com.sun.metro:pp=/,type=WSEndpoint,name=/Bai3WSDL-ItemServiceRPCImplService-ItemServiceRPCImplPort
14-Jun-2020 09:34:32.767 INFO [main] com.sun.xml.ws.server.MonitorBase.createRoot Metro monitoring rootname successfully set to: com.sun.metro:pp=/,type=WSEndpoint,name=/Bai3WSDL-ItemServiceDocumentImplService-ItemServiceDocumentImplPort
14-Jun-2020 09:34:32.791 INFO [main] com.sun.xml.ws.transport.http.servlet.WSServletDelegate.<init> WSSERVLET14: JAX-WS servlet initializing
14-Jun-2020 09:34:32.796 INFO [main] org.apache.catalina.startup.HostConfig.deployDescriptor Deployment of deployment descriptor [E:\apache-tomcat-9.0.31\conf\Catalina\localhost\Bai3WSDL.xml] has finished in [8,377] ms
14-Jun-2020 09:34:32.796 INFO [main] org.apache.catalina.startup.HostConfig.deployDescriptor Deploying deployment descriptor [E:\apache-tomcat-9.0.31\conf\Catalina\localhost\qldt.xml]
14-Jun-2020 09:34:32.808 WARNING [main] org.apache.catalina.startup.HostConfig.deployDescriptor The path attribute with value [/qldt] in deployment descriptor [E:\apache-tomcat-9.0.31\conf\Catalina\localhost\qldt.xml] has been ignored
14-Jun-2020 09:34:33.410 INFO [main] org.apache.jasper.servlet.TldScanner.scanJars At least one JAR was scanned for TLDs yet contained no TLDs. Enable debug logging for this logger for a complete list of JARs that were scanned but no TLDs were found in them. Skipping unneeded JARs during scanning can improve startup time and JSP compilation time.
14-Jun-2020 09:34:33.413 INFO [main] org.apache.catalina.startup.HostConfig.deployDescriptor Deployment of deployment descriptor [E:\apache-tomcat-9.0.31\conf\Catalina\localhost\qldt.xml] has finished in [617] ms
14-Jun-2020 09:34:33.414 INFO [main] org.apache.catalina.startup.HostConfig.deployDescriptor Deploying deployment descriptor [E:\apache-tomcat-9.0.31\conf\Catalina\localhost\ROOT.xml]
14-Jun-2020 09:34:33.423 WARNING [main] org.apache.catalina.core.StandardContext.setPath A context path must either be an empty string or start with a '/' and do not end with a '/'. The path [/] does not meet these criteria and has been changed to []
14-Jun-2020 09:34:33.424 WARNING [main] org.apache.catalina.startup.HostConfig.deployDescriptor The path attribute with value [] in deployment descriptor [E:\apache-tomcat-9.0.31\conf\Catalina\localhost\ROOT.xml] has been ignored
14-Jun-2020 09:34:36.812 INFO [main] org.apache.jasper.servlet.TldScanner.scanJars At least one JAR was scanned for TLDs yet contained no TLDs. Enable debug logging for this logger for a complete list of JARs that were scanned but no TLDs were found in them. Skipping unneeded JARs during scanning can improve startup time and JSP compilation time.
14-Jun-2020 09:34:36.816 INFO [main] org.apache.catalina.startup.HostConfig.deployDescriptor Deployment of deployment descriptor [E:\apache-tomcat-9.0.31\conf\Catalina\localhost\ROOT.xml] has finished in [3,402] ms
14-Jun-2020 09:34:36.816 INFO [main] org.apache.catalina.startup.HostConfig.deployDescriptor Deploying deployment descriptor [E:\apache-tomcat-9.0.31\conf\Catalina\localhost\WS.xml]
14-Jun-2020 09:34:36.826 WARNING [main] org.apache.catalina.startup.HostConfig.deployDescriptor The path attribute with value [/WS] in deployment descriptor [E:\apache-tomcat-9.0.31\conf\Catalina\localhost\WS.xml] has been ignored
14-Jun-2020 09:34:39.188 INFO [main] org.apache.jasper.servlet.TldScanner.scanJars At least one JAR was scanned for TLDs yet contained no TLDs. Enable debug logging for this logger for a complete list of JARs that were scanned but no TLDs were found in them. Skipping unneeded JARs during scanning can improve startup time and JSP compilation time.
14-Jun-2020 09:34:39.210 INFO [main] com.sun.xml.ws.transport.http.servlet.WSServletContextListener.contextInitialized WSSERVLET12: JAX-WS context listener initializing
14-Jun-2020 09:34:42.988 INFO [main] com.sun.xml.ws.server.MonitorBase.createRoot Metro monitoring rootname successfully set to: com.sun.metro:pp=/,type=WSEndpoint,name=/WS-TravelSerivceService-TravelSerivcePort
14-Jun-2020 09:34:43.479 INFO [main] com.sun.xml.ws.server.MonitorBase.createRoot Metro monitoring rootname successfully set to: com.sun.metro:pp=/,type=WSEndpoint,name=/WS-ItemServiceService-ItemServicePort
14-Jun-2020 09:34:43.519 INFO [main] com.sun.xml.ws.server.MonitorBase.createRoot Metro monitoring rootname successfully set to: com.sun.metro:pp=/,type=WSEndpoint,name=/WS-ItemServiceRPCService-ItemServiceRPCPort
14-Jun-2020 09:34:43.593 INFO [main] com.sun.xml.ws.server.MonitorBase.createRoot Metro monitoring rootname successfully set to: com.sun.metro:pp=/,type=WSEndpoint,name=/WS-OrderServiceImplService-OrderServiceImplPort
14-Jun-2020 09:34:43.615 INFO [main] com.sun.xml.ws.transport.http.servlet.WSServletDelegate.<init> WSSERVLET14: JAX-WS servlet initializing
14-Jun-2020 09:34:43.622 INFO [main] org.apache.catalina.startup.HostConfig.deployDescriptor Deployment of deployment descriptor [E:\apache-tomcat-9.0.31\conf\Catalina\localhost\WS.xml] has finished in [6,806] ms
14-Jun-2020 09:34:43.623 INFO [main] org.apache.catalina.startup.HostConfig.deployDirectory Deploying web application directory [E:\apache-tomcat-9.0.31\webapps\docs]
14-Jun-2020 09:34:43.703 INFO [main] org.apache.catalina.startup.HostConfig.deployDirectory Deployment of web application directory [E:\apache-tomcat-9.0.31\webapps\docs] has finished in [80] ms
14-Jun-2020 09:34:43.703 INFO [main] org.apache.catalina.startup.HostConfig.deployDirectory Deploying web application directory [E:\apache-tomcat-9.0.31\webapps\examples]
14-Jun-2020 09:34:46.271 INFO [main] org.apache.catalina.startup.HostConfig.deployDirectory Deployment of web application directory [E:\apache-tomcat-9.0.31\webapps\examples] has finished in [2,568] ms
14-Jun-2020 09:34:46.272 INFO [main] org.apache.catalina.startup.HostConfig.deployDirectory Deploying web application directory [E:\apache-tomcat-9.0.31\webapps\host-manager]
14-Jun-2020 09:34:46.476 INFO [main] org.apache.catalina.startup.HostConfig.deployDirectory Deployment of web application directory [E:\apache-tomcat-9.0.31\webapps\host-manager] has finished in [205] ms
14-Jun-2020 09:34:46.478 INFO [main] org.apache.catalina.startup.HostConfig.deployDirectory Deploying web application directory [E:\apache-tomcat-9.0.31\webapps\manager]
14-Jun-2020 09:34:46.594 INFO [main] org.apache.catalina.startup.HostConfig.deployDirectory Deployment of web application directory [E:\apache-tomcat-9.0.31\webapps\manager] has finished in [117] ms
14-Jun-2020 09:34:46.606 INFO [main] org.apache.coyote.AbstractProtocol.start Starting ProtocolHandler ["http-nio-8080"]
14-Jun-2020 09:34:46.634 INFO [main] org.apache.catalina.startup.Catalina.start Server startup in [45,497] milliseconds
14-Jun-2020 09:34:50.531 INFO [http-nio-8080-exec-6] org.apache.catalina.startup.HostConfig.undeploy Undeploying context []
14-Jun-2020 09:34:50.572 INFO [http-nio-8080-exec-15] org.apache.catalina.startup.HostConfig.deployDescriptor Deploying deployment descriptor [E:\apache-tomcat-9.0.31\conf\Catalina\localhost\ROOT.xml]
14-Jun-2020 09:34:50.575 WARNING [http-nio-8080-exec-15] org.apache.catalina.core.StandardContext.setPath A context path must either be an empty string or start with a '/' and do not end with a '/'. The path [/] does not meet these criteria and has been changed to []
14-Jun-2020 09:34:50.576 WARNING [http-nio-8080-exec-15] org.apache.catalina.startup.HostConfig.deployDescriptor The path attribute with value [] in deployment descriptor [E:\apache-tomcat-9.0.31\conf\Catalina\localhost\ROOT.xml] has been ignored
14-Jun-2020 09:34:53.369 INFO [http-nio-8080-exec-15] org.apache.jasper.servlet.TldScanner.scanJars At least one JAR was scanned for TLDs yet contained no TLDs. Enable debug logging for this logger for a complete list of JARs that were scanned but no TLDs were found in them. Skipping unneeded JARs during scanning can improve startup time and JSP compilation time.
14-Jun-2020 09:34:53.374 INFO [http-nio-8080-exec-15] org.apache.catalina.startup.HostConfig.deployDescriptor Deployment of deployment descriptor [E:\apache-tomcat-9.0.31\conf\Catalina\localhost\ROOT.xml] has finished in [2,803] ms
14-Jun-2020 09:34:53.381 INFO [http-nio-8080-exec-11] org.apache.catalina.util.LifecycleBase.start The start() method was called on component [StandardEngine[Catalina].StandardHost[localhost].StandardContext[]] after start() had already been called. The second call will be ignored.
14-Jun-2020 09:36:33.660 INFO [http-nio-8080-exec-26] org.apache.catalina.core.StandardContext.reload Reloading Context with name [] has started
14-Jun-2020 09:36:33.687 WARNING [http-nio-8080-exec-26] org.apache.catalina.loader.WebappClassLoaderBase.clearReferencesJdbc The web application [ROOT] registered the JDBC driver [com.mysql.cj.jdbc.Driver] but failed to unregister it when the web application was stopped. To prevent a memory leak, the JDBC Driver has been forcibly unregistered.
14-Jun-2020 09:36:33.689 WARNING [http-nio-8080-exec-26] org.apache.catalina.loader.WebappClassLoaderBase.clearReferencesThreads The web application [ROOT] appears to have started a thread named [mysql-cj-abandoned-connection-cleanup] but has failed to stop it. This is very likely to create a memory leak. Stack trace of thread:
 java.lang.Object.wait(Native Method)
 java.lang.ref.ReferenceQueue.remove(ReferenceQueue.java:144)
 com.mysql.cj.jdbc.AbandonedConnectionCleanupThread.run(AbandonedConnectionCleanupThread.java:85)
 java.util.concurrent.ThreadPoolExecutor.runWorker(ThreadPoolExecutor.java:1149)
 java.util.concurrent.ThreadPoolExecutor$Worker.run(ThreadPoolExecutor.java:624)
 java.lang.Thread.run(Thread.java:748)
14-Jun-2020 09:36:37.810 INFO [http-nio-8080-exec-26] org.apache.jasper.servlet.TldScanner.scanJars At least one JAR was scanned for TLDs yet contained no TLDs. Enable debug logging for this logger for a complete list of JARs that were scanned but no TLDs were found in them. Skipping unneeded JARs during scanning can improve startup time and JSP compilation time.
14-Jun-2020 09:36:37.840 INFO [http-nio-8080-exec-26] org.apache.catalina.core.StandardContext.reload Reloading Context with name [] is completed
14-Jun-2020 09:36:38.667 INFO [mysql-cj-abandoned-connection-cleanup] org.apache.catalina.loader.WebappClassLoaderBase.checkStateForResourceLoading Illegal access: this web application instance has been stopped already. Could not load []. The following stack trace is thrown for debugging purposes as well as to attempt to terminate the thread which caused the illegal access.
	java.lang.IllegalStateException: Illegal access: this web application instance has been stopped already. Could not load []. The following stack trace is thrown for debugging purposes as well as to attempt to terminate the thread which caused the illegal access.
		at org.apache.catalina.loader.WebappClassLoaderBase.checkStateForResourceLoading(WebappClassLoaderBase.java:1385)
		at org.apache.catalina.loader.WebappClassLoaderBase.getResource(WebappClassLoaderBase.java:1038)
		at com.mysql.cj.jdbc.AbandonedConnectionCleanupThread.checkThreadContextClassLoader(AbandonedConnectionCleanupThread.java:117)
		at com.mysql.cj.jdbc.AbandonedConnectionCleanupThread.run(AbandonedConnectionCleanupThread.java:84)
		at java.util.concurrent.ThreadPoolExecutor.runWorker(ThreadPoolExecutor.java:1149)
		at java.util.concurrent.ThreadPoolExecutor$Worker.run(ThreadPoolExecutor.java:624)
		at java.lang.Thread.run(Thread.java:748)
14-Jun-2020 09:57:02.204 INFO [main] org.apache.catalina.core.StandardServer.await A valid shutdown command was received via the shutdown port. Stopping the Server instance.
14-Jun-2020 09:57:02.204 INFO [main] org.apache.coyote.AbstractProtocol.pause Pausing ProtocolHandler ["http-nio-8080"]
14-Jun-2020 09:57:02.693 INFO [main] org.apache.catalina.core.StandardService.stopInternal Stopping service [Catalina]
14-Jun-2020 09:57:02.703 WARNING [main] org.apache.catalina.loader.WebappClassLoaderBase.clearReferencesJdbc The web application [ROOT] registered the JDBC driver [com.mysql.cj.jdbc.Driver] but failed to unregister it when the web application was stopped. To prevent a memory leak, the JDBC Driver has been forcibly unregistered.
14-Jun-2020 09:57:02.705 WARNING [main] org.apache.catalina.loader.WebappClassLoaderBase.clearReferencesThreads The web application [ROOT] appears to have started a thread named [mysql-cj-abandoned-connection-cleanup] but has failed to stop it. This is very likely to create a memory leak. Stack trace of thread:
 java.lang.Object.wait(Native Method)
 java.lang.ref.ReferenceQueue.remove(ReferenceQueue.java:144)
 com.mysql.cj.jdbc.AbandonedConnectionCleanupThread.run(AbandonedConnectionCleanupThread.java:85)
 java.util.concurrent.ThreadPoolExecutor.runWorker(ThreadPoolExecutor.java:1149)
 java.util.concurrent.ThreadPoolExecutor$Worker.run(ThreadPoolExecutor.java:624)
 java.lang.Thread.run(Thread.java:748)
14-Jun-2020 09:57:02.729 INFO [main] com.sun.xml.ws.transport.http.servlet.WSServletDelegate.destroy WSSERVLET15: JAX-WS servlet destroyed
14-Jun-2020 09:57:02.729 INFO [main] com.sun.xml.ws.server.MonitorBase.closeMOM Closing Metro monitoring root: com.sun.metro:pp=/,type=WSEndpoint,name=/Bai3WSDL-ItemServiceRPCImplService-ItemServiceRPCImplPort
14-Jun-2020 09:57:02.730 INFO [main] com.sun.xml.ws.server.MonitorBase.closeMOM Closing Metro monitoring root: com.sun.metro:pp=/,type=WSEndpoint,name=/Bai3WSDL-ItemServiceDocumentImplService-ItemServiceDocumentImplPort
14-Jun-2020 09:57:02.730 INFO [main] com.sun.xml.ws.transport.http.servlet.WSServletContextListener.contextDestroyed WSSERVLET13: JAX-WS context listener destroyed
14-Jun-2020 09:57:02.749 INFO [main] com.sun.xml.ws.transport.http.servlet.WSServletDelegate.destroy WSSERVLET15: JAX-WS servlet destroyed
14-Jun-2020 09:57:02.749 INFO [main] com.sun.xml.ws.server.MonitorBase.closeMOM Closing Metro monitoring root: com.sun.metro:pp=/,type=WSEndpoint,name=/Bai1WSDL-PaymentServiceImplService-PaymentServiceImplPort
14-Jun-2020 09:57:02.758 INFO [main] com.sun.xml.ws.transport.http.servlet.WSServletContextListener.contextDestroyed WSSERVLET13: JAX-WS context listener destroyed
14-Jun-2020 09:57:02.823 INFO [main] com.sun.xml.ws.transport.http.servlet.WSServletDelegate.destroy WSSERVLET15: JAX-WS servlet destroyed
14-Jun-2020 09:57:02.825 INFO [main] com.sun.xml.ws.server.MonitorBase.closeMOM Closing Metro monitoring root: com.sun.metro:pp=/,type=WSEndpoint,name=/Bai2WSDL-OrderServiceImplService-OrderServiceImplPort
14-Jun-2020 09:57:02.826 INFO [main] com.sun.xml.ws.transport.http.servlet.WSServletContextListener.contextDestroyed WSSERVLET13: JAX-WS context listener destroyed
14-Jun-2020 09:57:02.831 INFO [main] com.sun.xml.ws.transport.http.servlet.WSServletDelegate.destroy WSSERVLET15: JAX-WS servlet destroyed
14-Jun-2020 09:57:02.831 INFO [main] com.sun.xml.ws.server.MonitorBase.closeMOM Closing Metro monitoring root: com.sun.metro:pp=/,type=WSEndpoint,name=/WS-TravelSerivceService-TravelSerivcePort
14-Jun-2020 09:57:02.832 INFO [main] com.sun.xml.ws.server.MonitorBase.closeMOM Closing Metro monitoring root: com.sun.metro:pp=/,type=WSEndpoint,name=/WS-ItemServiceService-ItemServicePort
14-Jun-2020 09:57:02.833 INFO [main] com.sun.xml.ws.server.MonitorBase.closeMOM Closing Metro monitoring root: com.sun.metro:pp=/,type=WSEndpoint,name=/WS-ItemServiceRPCService-ItemServiceRPCPort
14-Jun-2020 09:57:02.835 INFO [main] com.sun.xml.ws.server.MonitorBase.closeMOM Closing Metro monitoring root: com.sun.metro:pp=/,type=WSEndpoint,name=/WS-OrderServiceImplService-OrderServiceImplPort
14-Jun-2020 09:57:02.837 INFO [main] com.sun.xml.ws.transport.http.servlet.WSServletContextListener.contextDestroyed WSSERVLET13: JAX-WS context listener destroyed
14-Jun-2020 09:57:02.856 INFO [main] org.apache.coyote.AbstractProtocol.stop Stopping ProtocolHandler ["http-nio-8080"]
14-Jun-2020 09:57:02.860 INFO [main] org.apache.coyote.AbstractProtocol.destroy Destroying ProtocolHandler ["http-nio-8080"]
