13-May-2020 15:06:14.860 INFO [main] org.apache.catalina.core.ApplicationContext.log ContextListener: contextInitialized()
13-May-2020 15:06:14.861 INFO [main] org.apache.catalina.core.ApplicationContext.log SessionListener: contextInitialized()
13-May-2020 15:06:14.863 INFO [main] org.apache.catalina.core.ApplicationContext.log ContextListener: attributeAdded('StockTicker', 'async.Stockticker@3cc41abc')
13-May-2020 15:06:20.456 SEVERE [http-nio-8080-exec-3] org.apache.catalina.core.StandardWrapperValve.invoke Servlet.service() for servlet [jsp] in context with path [/converter-war] threw exception [Unable to compile class for JSP: 

An error occurred at line: [7] in the jsp file: [/index.jsp]
Converter cannot be resolved to a type
4: <%@ page import="java.text.DecimalFormat" %>
5: <%@ page import="java.rmi.RemoteException" %>
6: <%!
7:     private Converter converter = null;
8: 
9:     public void jspInit() {
10:         try {


An error occurred at line: [12] in the jsp file: [/index.jsp]
Converter cannot be resolved to a type
9:     public void jspInit() {
10:         try {
11:             InitialContext ic = new InitialContext();
12:             converter = (Converter) ic.lookup(Converter.class.getName());
13:         } catch (Exception ex) {
14:             System.out.println("Couldn't create converter bean." + ex.getMessage());
15:         }


An error occurred at line: [12] in the jsp file: [/index.jsp]
Converter cannot be resolved to a type
9:     public void jspInit() {
10:         try {
11:             InitialContext ic = new InitialContext();
12:             converter = (Converter) ic.lookup(Converter.class.getName());
13:         } catch (Exception ex) {
14:             System.out.println("Couldn't create converter bean." + ex.getMessage());
15:         }


An error occurred at line: [12] in the jsp file: [/index.jsp]
Converter cannot be resolved to a type
9:     public void jspInit() {
10:         try {
11:             InitialContext ic = new InitialContext();
12:             converter = (Converter) ic.lookup(Converter.class.getName());
13:         } catch (Exception ex) {
14:             System.out.println("Couldn't create converter bean." + ex.getMessage());
15:         }


An error occurred at line: [19] in the jsp file: [/index.jsp]
Converter cannot be resolved to a type
16:     }
17: 
18:     public void jspDestroy() {
19:         converter = null;
20:     }
21: %>
22: <html>


An error occurred at line: [50] in the jsp file: [/index.jsp]
Converter cannot be resolved to a type
47:         %>
48:         <p>
49:             <%= degree%> fahrenheit degrees are
50:             <%= twoDigits.format(converter.fToC(d))%>
51:             centigrade degrees.
52:             <% }
53:             %>


An error occurred at line: [58] in the jsp file: [/index.jsp]
Converter cannot be resolved to a type
55:             %>
56:         <p>
57:             <%= degree%> centigrade degrees are
58:             <%= twoDigits.format(converter.cToF(d))%>
59:             fahrenheit degrees .
60:             <% }
61:             %>


Stacktrace:] with root cause
	org.apache.jasper.JasperException: Unable to compile class for JSP: 

An error occurred at line: [7] in the jsp file: [/index.jsp]
Converter cannot be resolved to a type
4: <%@ page import="java.text.DecimalFormat" %>
5: <%@ page import="java.rmi.RemoteException" %>
6: <%!
7:     private Converter converter = null;
8: 
9:     public void jspInit() {
10:         try {


An error occurred at line: [12] in the jsp file: [/index.jsp]
Converter cannot be resolved to a type
9:     public void jspInit() {
10:         try {
11:             InitialContext ic = new InitialContext();
12:             converter = (Converter) ic.lookup(Converter.class.getName());
13:         } catch (Exception ex) {
14:             System.out.println("Couldn't create converter bean." + ex.getMessage());
15:         }


An error occurred at line: [12] in the jsp file: [/index.jsp]
Converter cannot be resolved to a type
9:     public void jspInit() {
10:         try {
11:             InitialContext ic = new InitialContext();
12:             converter = (Converter) ic.lookup(Converter.class.getName());
13:         } catch (Exception ex) {
14:             System.out.println("Couldn't create converter bean." + ex.getMessage());
15:         }


An error occurred at line: [12] in the jsp file: [/index.jsp]
Converter cannot be resolved to a type
9:     public void jspInit() {
10:         try {
11:             InitialContext ic = new InitialContext();
12:             converter = (Converter) ic.lookup(Converter.class.getName());
13:         } catch (Exception ex) {
14:             System.out.println("Couldn't create converter bean." + ex.getMessage());
15:         }


An error occurred at line: [19] in the jsp file: [/index.jsp]
Converter cannot be resolved to a type
16:     }
17: 
18:     public void jspDestroy() {
19:         converter = null;
20:     }
21: %>
22: <html>


An error occurred at line: [50] in the jsp file: [/index.jsp]
Converter cannot be resolved to a type
47:         %>
48:         <p>
49:             <%= degree%> fahrenheit degrees are
50:             <%= twoDigits.format(converter.fToC(d))%>
51:             centigrade degrees.
52:             <% }
53:             %>


An error occurred at line: [58] in the jsp file: [/index.jsp]
Converter cannot be resolved to a type
55:             %>
56:         <p>
57:             <%= degree%> centigrade degrees are
58:             <%= twoDigits.format(converter.cToF(d))%>
59:             fahrenheit degrees .
60:             <% }
61:             %>


Stacktrace:
		at org.apache.jasper.compiler.DefaultErrorHandler.javacError(DefaultErrorHandler.java:103)
		at org.apache.jasper.compiler.ErrorDispatcher.javacError(ErrorDispatcher.java:213)
		at org.apache.jasper.compiler.JDTCompiler.generateClass(JDTCompiler.java:519)
		at org.apache.jasper.compiler.Compiler.compile(Compiler.java:392)
		at org.apache.jasper.compiler.Compiler.compile(Compiler.java:362)
		at org.apache.jasper.compiler.Compiler.compile(Compiler.java:346)
		at org.apache.jasper.JspCompilationContext.compile(JspCompilationContext.java:605)
		at org.apache.jasper.servlet.JspServletWrapper.service(JspServletWrapper.java:400)
		at org.apache.jasper.servlet.JspServlet.serviceJspFile(JspServlet.java:385)
		at org.apache.jasper.servlet.JspServlet.service(JspServlet.java:329)
		at javax.servlet.http.HttpServlet.service(HttpServlet.java:741)
		at org.apache.catalina.core.ApplicationFilterChain.internalDoFilter(ApplicationFilterChain.java:231)
		at org.apache.catalina.core.ApplicationFilterChain.doFilter(ApplicationFilterChain.java:166)
		at org.apache.tomcat.websocket.server.WsFilter.doFilter(WsFilter.java:53)
		at org.apache.catalina.core.ApplicationFilterChain.internalDoFilter(ApplicationFilterChain.java:193)
		at org.apache.catalina.core.ApplicationFilterChain.doFilter(ApplicationFilterChain.java:166)
		at org.apache.catalina.core.StandardWrapperValve.invoke(StandardWrapperValve.java:202)
		at org.apache.catalina.core.StandardContextValve.invoke(StandardContextValve.java:96)
		at org.apache.catalina.authenticator.AuthenticatorBase.invoke(AuthenticatorBase.java:541)
		at org.apache.catalina.core.StandardHostValve.invoke(StandardHostValve.java:139)
		at org.apache.catalina.valves.ErrorReportValve.invoke(ErrorReportValve.java:92)
		at org.apache.catalina.valves.AbstractAccessLogValve.invoke(AbstractAccessLogValve.java:688)
		at org.apache.catalina.core.StandardEngineValve.invoke(StandardEngineValve.java:74)
		at org.apache.catalina.connector.CoyoteAdapter.service(CoyoteAdapter.java:343)
		at org.apache.coyote.http11.Http11Processor.service(Http11Processor.java:367)
		at org.apache.coyote.AbstractProcessorLight.process(AbstractProcessorLight.java:65)
		at org.apache.coyote.AbstractProtocol$ConnectionHandler.process(AbstractProtocol.java:868)
		at org.apache.tomcat.util.net.NioEndpoint$SocketProcessor.doRun(NioEndpoint.java:1639)
		at org.apache.tomcat.util.net.SocketProcessorBase.run(SocketProcessorBase.java:49)
		at java.util.concurrent.ThreadPoolExecutor.runWorker(ThreadPoolExecutor.java:1149)
		at java.util.concurrent.ThreadPoolExecutor$Worker.run(ThreadPoolExecutor.java:624)
		at org.apache.tomcat.util.threads.TaskThread$WrappingRunnable.run(TaskThread.java:61)
		at java.lang.Thread.run(Thread.java:748)
13-May-2020 15:16:53.105 INFO [main] org.apache.catalina.core.ApplicationContext.log ContextListener: contextInitialized()
13-May-2020 15:16:53.105 INFO [main] org.apache.catalina.core.ApplicationContext.log SessionListener: contextInitialized()
13-May-2020 15:16:53.108 INFO [main] org.apache.catalina.core.ApplicationContext.log ContextListener: attributeAdded('StockTicker', 'async.Stockticker@3c9bfddc')
13-May-2020 15:16:59.357 SEVERE [http-nio-8080-exec-1] org.apache.catalina.core.StandardWrapperValve.invoke Servlet.service() for servlet [jsp] in context with path [/converter-war] threw exception [Unable to compile class for JSP: 

An error occurred at line: [14] in the generated java file: [E:\apache-tomcat-9.0.31\work\Catalina\localhost\converter-war\org\apache\jsp\index_jsp.java]
Only a type can be imported. converter.ejb.Converter resolves to a package

An error occurred at line: [8] in the jsp file: [/index.jsp]
Converter cannot be resolved to a type
5: <%@ page import="java.text.DecimalFormat" %>
6: <%@ page import="java.rmi.RemoteException" %>
7: <%!
8:     private Converter converter = null;
9: 
10:     public void jspInit() {
11:         try {


An error occurred at line: [13] in the jsp file: [/index.jsp]
Converter cannot be resolved to a type
10:     public void jspInit() {
11:         try {
12:             InitialContext ic = new InitialContext();
13:             converter = (Converter) ic.lookup(Converter.class.getName());
14:         } catch (Exception ex) {
15:             System.out.println("Couldn't create converter bean." + ex.getMessage());
16:         }


An error occurred at line: [13] in the jsp file: [/index.jsp]
Converter cannot be resolved to a type
10:     public void jspInit() {
11:         try {
12:             InitialContext ic = new InitialContext();
13:             converter = (Converter) ic.lookup(Converter.class.getName());
14:         } catch (Exception ex) {
15:             System.out.println("Couldn't create converter bean." + ex.getMessage());
16:         }


An error occurred at line: [13] in the jsp file: [/index.jsp]
Converter cannot be resolved to a type
10:     public void jspInit() {
11:         try {
12:             InitialContext ic = new InitialContext();
13:             converter = (Converter) ic.lookup(Converter.class.getName());
14:         } catch (Exception ex) {
15:             System.out.println("Couldn't create converter bean." + ex.getMessage());
16:         }


An error occurred at line: [20] in the jsp file: [/index.jsp]
Converter cannot be resolved to a type
17:     }
18: 
19:     public void jspDestroy() {
20:         converter = null;
21:     }
22: %>
23: <html>


An error occurred at line: [51] in the jsp file: [/index.jsp]
Converter cannot be resolved to a type
48:         %>
49:         <p>
50:             <%= degree%> fahrenheit degrees are
51:             <%= twoDigits.format(converter.fToC(d))%>
52:             centigrade degrees.
53:             <% }
54:             %>


An error occurred at line: [59] in the jsp file: [/index.jsp]
Converter cannot be resolved to a type
56:             %>
57:         <p>
58:             <%= degree%> centigrade degrees are
59:             <%= twoDigits.format(converter.cToF(d))%>
60:             fahrenheit degrees .
61:             <% }
62:             %>


Stacktrace:] with root cause
	org.apache.jasper.JasperException: Unable to compile class for JSP: 

An error occurred at line: [14] in the generated java file: [E:\apache-tomcat-9.0.31\work\Catalina\localhost\converter-war\org\apache\jsp\index_jsp.java]
Only a type can be imported. converter.ejb.Converter resolves to a package

An error occurred at line: [8] in the jsp file: [/index.jsp]
Converter cannot be resolved to a type
5: <%@ page import="java.text.DecimalFormat" %>
6: <%@ page import="java.rmi.RemoteException" %>
7: <%!
8:     private Converter converter = null;
9: 
10:     public void jspInit() {
11:         try {


An error occurred at line: [13] in the jsp file: [/index.jsp]
Converter cannot be resolved to a type
10:     public void jspInit() {
11:         try {
12:             InitialContext ic = new InitialContext();
13:             converter = (Converter) ic.lookup(Converter.class.getName());
14:         } catch (Exception ex) {
15:             System.out.println("Couldn't create converter bean." + ex.getMessage());
16:         }


An error occurred at line: [13] in the jsp file: [/index.jsp]
Converter cannot be resolved to a type
10:     public void jspInit() {
11:         try {
12:             InitialContext ic = new InitialContext();
13:             converter = (Converter) ic.lookup(Converter.class.getName());
14:         } catch (Exception ex) {
15:             System.out.println("Couldn't create converter bean." + ex.getMessage());
16:         }


An error occurred at line: [13] in the jsp file: [/index.jsp]
Converter cannot be resolved to a type
10:     public void jspInit() {
11:         try {
12:             InitialContext ic = new InitialContext();
13:             converter = (Converter) ic.lookup(Converter.class.getName());
14:         } catch (Exception ex) {
15:             System.out.println("Couldn't create converter bean." + ex.getMessage());
16:         }


An error occurred at line: [20] in the jsp file: [/index.jsp]
Converter cannot be resolved to a type
17:     }
18: 
19:     public void jspDestroy() {
20:         converter = null;
21:     }
22: %>
23: <html>


An error occurred at line: [51] in the jsp file: [/index.jsp]
Converter cannot be resolved to a type
48:         %>
49:         <p>
50:             <%= degree%> fahrenheit degrees are
51:             <%= twoDigits.format(converter.fToC(d))%>
52:             centigrade degrees.
53:             <% }
54:             %>


An error occurred at line: [59] in the jsp file: [/index.jsp]
Converter cannot be resolved to a type
56:             %>
57:         <p>
58:             <%= degree%> centigrade degrees are
59:             <%= twoDigits.format(converter.cToF(d))%>
60:             fahrenheit degrees .
61:             <% }
62:             %>


Stacktrace:
		at org.apache.jasper.compiler.DefaultErrorHandler.javacError(DefaultErrorHandler.java:103)
		at org.apache.jasper.compiler.ErrorDispatcher.javacError(ErrorDispatcher.java:213)
		at org.apache.jasper.compiler.JDTCompiler.generateClass(JDTCompiler.java:519)
		at org.apache.jasper.compiler.Compiler.compile(Compiler.java:392)
		at org.apache.jasper.compiler.Compiler.compile(Compiler.java:362)
		at org.apache.jasper.compiler.Compiler.compile(Compiler.java:346)
		at org.apache.jasper.JspCompilationContext.compile(JspCompilationContext.java:605)
		at org.apache.jasper.servlet.JspServletWrapper.service(JspServletWrapper.java:400)
		at org.apache.jasper.servlet.JspServlet.serviceJspFile(JspServlet.java:385)
		at org.apache.jasper.servlet.JspServlet.service(JspServlet.java:329)
		at javax.servlet.http.HttpServlet.service(HttpServlet.java:741)
		at org.apache.catalina.core.ApplicationFilterChain.internalDoFilter(ApplicationFilterChain.java:231)
		at org.apache.catalina.core.ApplicationFilterChain.doFilter(ApplicationFilterChain.java:166)
		at org.apache.tomcat.websocket.server.WsFilter.doFilter(WsFilter.java:53)
		at org.apache.catalina.core.ApplicationFilterChain.internalDoFilter(ApplicationFilterChain.java:193)
		at org.apache.catalina.core.ApplicationFilterChain.doFilter(ApplicationFilterChain.java:166)
		at org.apache.catalina.core.StandardWrapperValve.invoke(StandardWrapperValve.java:202)
		at org.apache.catalina.core.StandardContextValve.invoke(StandardContextValve.java:96)
		at org.apache.catalina.authenticator.AuthenticatorBase.invoke(AuthenticatorBase.java:541)
		at org.apache.catalina.core.StandardHostValve.invoke(StandardHostValve.java:139)
		at org.apache.catalina.valves.ErrorReportValve.invoke(ErrorReportValve.java:92)
		at org.apache.catalina.valves.AbstractAccessLogValve.invoke(AbstractAccessLogValve.java:688)
		at org.apache.catalina.core.StandardEngineValve.invoke(StandardEngineValve.java:74)
		at org.apache.catalina.connector.CoyoteAdapter.service(CoyoteAdapter.java:343)
		at org.apache.coyote.http11.Http11Processor.service(Http11Processor.java:367)
		at org.apache.coyote.AbstractProcessorLight.process(AbstractProcessorLight.java:65)
		at org.apache.coyote.AbstractProtocol$ConnectionHandler.process(AbstractProtocol.java:868)
		at org.apache.tomcat.util.net.NioEndpoint$SocketProcessor.doRun(NioEndpoint.java:1639)
		at org.apache.tomcat.util.net.SocketProcessorBase.run(SocketProcessorBase.java:49)
		at java.util.concurrent.ThreadPoolExecutor.runWorker(ThreadPoolExecutor.java:1149)
		at java.util.concurrent.ThreadPoolExecutor$Worker.run(ThreadPoolExecutor.java:624)
		at org.apache.tomcat.util.threads.TaskThread$WrappingRunnable.run(TaskThread.java:61)
		at java.lang.Thread.run(Thread.java:748)
13-May-2020 15:56:30.969 INFO [main] org.apache.catalina.core.ApplicationContext.log SessionListener: contextDestroyed()
13-May-2020 15:56:30.969 INFO [main] org.apache.catalina.core.ApplicationContext.log ContextListener: contextDestroyed()
