13-Jun-2020 16:24:27.871 INFO [http-nio-8080-exec-13] org.apache.catalina.core.ApplicationContext.log Manager: init: Associated with Deployer 'Catalina:type=Deployer,host=localhost'
13-Jun-2020 16:24:27.871 INFO [http-nio-8080-exec-13] org.apache.catalina.core.ApplicationContext.log Manager: init: Global resources are available
13-Jun-2020 16:24:29.471 INFO [http-nio-8080-exec-12] org.apache.catalina.core.ApplicationContext.log Manager: list: Listing contexts for virtual host 'localhost'
13-Jun-2020 16:24:29.564 INFO [http-nio-8080-exec-7] org.apache.catalina.core.ApplicationContext.log Manager: undeploy: Undeploying web application at '/'
13-Jun-2020 16:24:30.186 INFO [http-nio-8080-exec-16] org.apache.catalina.core.ApplicationContext.log Manager: install: Installing context configuration at 'file:/C:/Users/ntnhu/AppData/Local/Temp/context7806618640809052727.xml'
13-Jun-2020 16:24:32.386 INFO [http-nio-8080-exec-8] org.apache.catalina.core.ApplicationContext.log Manager: start: Starting web application '/'
13-Jun-2020 16:27:20.898 INFO [http-nio-8080-exec-28] org.apache.catalina.core.ApplicationContext.log Manager: list: Listing contexts for virtual host 'localhost'
13-Jun-2020 16:27:20.938 INFO [http-nio-8080-exec-21] org.apache.catalina.core.ApplicationContext.log Manager: restart: Reloading web application '/'
13-Jun-2020 16:30:08.737 INFO [http-nio-8080-exec-32] org.apache.catalina.core.ApplicationContext.log Manager: list: Listing contexts for virtual host 'localhost'
13-Jun-2020 16:30:08.748 INFO [http-nio-8080-exec-33] org.apache.catalina.core.ApplicationContext.log Manager: restart: Reloading web application '/'
13-Jun-2020 16:30:32.415 INFO [http-nio-8080-exec-46] org.apache.catalina.core.ApplicationContext.log Manager: list: Listing contexts for virtual host 'localhost'
13-Jun-2020 16:30:32.433 INFO [http-nio-8080-exec-36] org.apache.catalina.core.ApplicationContext.log Manager: restart: Reloading web application '/'
13-Jun-2020 16:34:52.408 INFO [http-nio-8080-exec-47] org.apache.catalina.core.ApplicationContext.log Manager: list: Listing contexts for virtual host 'localhost'
13-Jun-2020 16:34:52.447 INFO [http-nio-8080-exec-50] org.apache.catalina.core.ApplicationContext.log Manager: restart: Reloading web application '/'
13-Jun-2020 16:35:26.796 INFO [http-nio-8080-exec-64] org.apache.catalina.core.ApplicationContext.log Manager: list: Listing contexts for virtual host 'localhost'
13-Jun-2020 16:35:26.811 INFO [http-nio-8080-exec-58] org.apache.catalina.core.ApplicationContext.log Manager: restart: Reloading web application '/'
13-Jun-2020 16:37:05.506 INFO [http-nio-8080-exec-65] org.apache.catalina.core.ApplicationContext.log Manager: list: Listing contexts for virtual host 'localhost'
13-Jun-2020 16:37:05.517 INFO [http-nio-8080-exec-70] org.apache.catalina.core.ApplicationContext.log Manager: restart: Reloading web application '/'
13-Jun-2020 16:37:08.927 INFO [http-nio-8080-exec-67] org.apache.catalina.core.ApplicationContext.log Manager: list: Listing contexts for virtual host 'localhost'
13-Jun-2020 16:37:08.945 INFO [http-nio-8080-exec-69] org.apache.catalina.core.ApplicationContext.log Manager: restart: Reloading web application '/'
13-Jun-2020 16:37:42.314 INFO [http-nio-8080-exec-72] org.apache.catalina.core.ApplicationContext.log Manager: list: Listing contexts for virtual host 'localhost'
13-Jun-2020 16:37:42.327 INFO [http-nio-8080-exec-78] org.apache.catalina.core.ApplicationContext.log Manager: restart: Reloading web application '/'
13-Jun-2020 16:48:06.255 INFO [http-nio-8080-exec-89] org.apache.catalina.core.ApplicationContext.log Manager: list: Listing contexts for virtual host 'localhost'
13-Jun-2020 16:48:21.696 INFO [http-nio-8080-exec-84] org.apache.catalina.core.ApplicationContext.log Manager: list: Listing contexts for virtual host 'localhost'
13-Jun-2020 16:50:21.091 INFO [http-nio-8080-exec-86] org.apache.catalina.core.ApplicationContext.log Manager: list: Listing contexts for virtual host 'localhost'
13-Jun-2020 16:50:42.216 INFO [http-nio-8080-exec-92] org.apache.catalina.core.ApplicationContext.log Manager: list: Listing contexts for virtual host 'localhost'
13-Jun-2020 16:52:58.450 INFO [http-nio-8080-exec-90] org.apache.catalina.core.ApplicationContext.log Manager: list: Listing contexts for virtual host 'localhost'
13-Jun-2020 16:53:31.336 INFO [http-nio-8080-exec-87] org.apache.catalina.core.ApplicationContext.log Manager: list: Listing contexts for virtual host 'localhost'
13-Jun-2020 16:53:31.350 INFO [http-nio-8080-exec-92] org.apache.catalina.core.ApplicationContext.log Manager: restart: Reloading web application '/'
13-Jun-2020 16:54:02.478 INFO [http-nio-8080-exec-84] org.apache.catalina.core.ApplicationContext.log Manager: list: Listing contexts for virtual host 'localhost'
13-Jun-2020 16:55:44.703 INFO [http-nio-8080-exec-89] org.apache.catalina.core.ApplicationContext.log Manager: list: Listing contexts for virtual host 'localhost'
13-Jun-2020 16:55:45.706 INFO [http-nio-8080-exec-94] org.apache.catalina.core.ApplicationContext.log Manager: list: Listing contexts for virtual host 'localhost'
13-Jun-2020 16:56:33.191 INFO [http-nio-8080-exec-98] org.apache.catalina.core.ApplicationContext.log Manager: list: Listing contexts for virtual host 'localhost'
13-Jun-2020 16:57:17.955 INFO [http-nio-8080-exec-93] org.apache.catalina.core.ApplicationContext.log Manager: list: Listing contexts for virtual host 'localhost'
13-Jun-2020 16:57:17.996 INFO [http-nio-8080-exec-100] org.apache.catalina.core.ApplicationContext.log Manager: list: Listing contexts for virtual host 'localhost'
13-Jun-2020 16:59:11.741 INFO [http-nio-8080-exec-89] org.apache.catalina.core.ApplicationContext.log Manager: list: Listing contexts for virtual host 'localhost'
13-Jun-2020 16:59:11.755 INFO [http-nio-8080-exec-99] org.apache.catalina.core.ApplicationContext.log Manager: stop: Stopping web application '/'
13-Jun-2020 16:59:11.769 INFO [http-nio-8080-exec-96] org.apache.catalina.core.ApplicationContext.log Manager: start: Starting web application '/'
13-Jun-2020 17:01:36.812 INFO [http-nio-8080-exec-105] org.apache.catalina.core.ApplicationContext.log Manager: list: Listing contexts for virtual host 'localhost'
13-Jun-2020 17:01:37.360 INFO [http-nio-8080-exec-105] org.apache.catalina.core.ApplicationContext.log Manager: list: Listing contexts for virtual host 'localhost'
13-Jun-2020 17:02:14.446 INFO [http-nio-8080-exec-107] org.apache.catalina.core.ApplicationContext.log Manager: list: Listing contexts for virtual host 'localhost'
13-Jun-2020 17:06:38.469 INFO [http-nio-8080-exec-105] org.apache.catalina.core.ApplicationContext.log Manager: list: Listing contexts for virtual host 'localhost'
13-Jun-2020 17:06:39.270 INFO [http-nio-8080-exec-105] org.apache.catalina.core.ApplicationContext.log Manager: list: Listing contexts for virtual host 'localhost'
13-Jun-2020 17:07:04.784 INFO [http-nio-8080-exec-104] org.apache.catalina.core.ApplicationContext.log Manager: list: Listing contexts for virtual host 'localhost'
13-Jun-2020 17:09:16.738 INFO [http-nio-8080-exec-106] org.apache.catalina.core.ApplicationContext.log Manager: list: Listing contexts for virtual host 'localhost'
13-Jun-2020 17:09:38.511 INFO [http-nio-8080-exec-105] org.apache.catalina.core.ApplicationContext.log Manager: list: Listing contexts for virtual host 'localhost'
13-Jun-2020 17:12:10.665 INFO [http-nio-8080-exec-108] org.apache.catalina.core.ApplicationContext.log Manager: list: Listing contexts for virtual host 'localhost'
13-Jun-2020 17:12:23.184 INFO [http-nio-8080-exec-106] org.apache.catalina.core.ApplicationContext.log Manager: list: Listing contexts for virtual host 'localhost'
13-Jun-2020 17:12:53.124 INFO [http-nio-8080-exec-105] org.apache.catalina.core.ApplicationContext.log Manager: list: Listing contexts for virtual host 'localhost'
13-Jun-2020 17:13:35.375 INFO [http-nio-8080-exec-108] org.apache.catalina.core.ApplicationContext.log Manager: list: Listing contexts for virtual host 'localhost'
13-Jun-2020 17:15:03.646 INFO [http-nio-8080-exec-112] org.apache.catalina.core.ApplicationContext.log Manager: list: Listing contexts for virtual host 'localhost'
13-Jun-2020 17:15:47.919 INFO [http-nio-8080-exec-111] org.apache.catalina.core.ApplicationContext.log Manager: list: Listing contexts for virtual host 'localhost'
13-Jun-2020 17:16:10.859 INFO [http-nio-8080-exec-108] org.apache.catalina.core.ApplicationContext.log Manager: list: Listing contexts for virtual host 'localhost'
13-Jun-2020 17:16:45.952 INFO [http-nio-8080-exec-104] org.apache.catalina.core.ApplicationContext.log Manager: list: Listing contexts for virtual host 'localhost'
13-Jun-2020 17:17:17.024 INFO [http-nio-8080-exec-108] org.apache.catalina.core.ApplicationContext.log Manager: list: Listing contexts for virtual host 'localhost'
13-Jun-2020 17:18:06.075 INFO [http-nio-8080-exec-105] org.apache.catalina.core.ApplicationContext.log Manager: list: Listing contexts for virtual host 'localhost'
13-Jun-2020 17:19:15.543 INFO [http-nio-8080-exec-109] org.apache.catalina.core.ApplicationContext.log Manager: list: Listing contexts for virtual host 'localhost'
13-Jun-2020 17:20:21.850 INFO [http-nio-8080-exec-110] org.apache.catalina.core.ApplicationContext.log Manager: list: Listing contexts for virtual host 'localhost'
13-Jun-2020 17:22:18.563 INFO [http-nio-8080-exec-112] org.apache.catalina.core.ApplicationContext.log Manager: list: Listing contexts for virtual host 'localhost'
13-Jun-2020 17:22:29.481 INFO [http-nio-8080-exec-109] org.apache.catalina.core.ApplicationContext.log Manager: list: Listing contexts for virtual host 'localhost'
13-Jun-2020 17:22:42.684 INFO [http-nio-8080-exec-113] org.apache.catalina.core.ApplicationContext.log Manager: list: Listing contexts for virtual host 'localhost'
13-Jun-2020 17:23:06.200 INFO [http-nio-8080-exec-106] org.apache.catalina.core.ApplicationContext.log Manager: list: Listing contexts for virtual host 'localhost'
13-Jun-2020 17:23:15.974 INFO [http-nio-8080-exec-110] org.apache.catalina.core.ApplicationContext.log Manager: list: Listing contexts for virtual host 'localhost'
13-Jun-2020 17:25:27.676 INFO [http-nio-8080-exec-112] org.apache.catalina.core.ApplicationContext.log Manager: list: Listing contexts for virtual host 'localhost'
13-Jun-2020 17:25:38.388 INFO [http-nio-8080-exec-107] org.apache.catalina.core.ApplicationContext.log Manager: list: Listing contexts for virtual host 'localhost'
13-Jun-2020 17:25:53.379 INFO [http-nio-8080-exec-109] org.apache.catalina.core.ApplicationContext.log Manager: list: Listing contexts for virtual host 'localhost'
13-Jun-2020 17:26:04.150 INFO [http-nio-8080-exec-113] org.apache.catalina.core.ApplicationContext.log Manager: list: Listing contexts for virtual host 'localhost'
13-Jun-2020 17:26:15.072 INFO [http-nio-8080-exec-109] org.apache.catalina.core.ApplicationContext.log Manager: list: Listing contexts for virtual host 'localhost'
13-Jun-2020 17:26:29.690 INFO [http-nio-8080-exec-108] org.apache.catalina.core.ApplicationContext.log Manager: list: Listing contexts for virtual host 'localhost'
13-Jun-2020 17:26:55.014 INFO [http-nio-8080-exec-104] org.apache.catalina.core.ApplicationContext.log Manager: list: Listing contexts for virtual host 'localhost'
13-Jun-2020 17:27:45.589 INFO [http-nio-8080-exec-113] org.apache.catalina.core.ApplicationContext.log Manager: list: Listing contexts for virtual host 'localhost'
13-Jun-2020 17:28:13.339 INFO [http-nio-8080-exec-110] org.apache.catalina.core.ApplicationContext.log Manager: list: Listing contexts for virtual host 'localhost'
13-Jun-2020 17:28:53.406 INFO [http-nio-8080-exec-107] org.apache.catalina.core.ApplicationContext.log Manager: list: Listing contexts for virtual host 'localhost'
13-Jun-2020 17:29:05.266 INFO [http-nio-8080-exec-112] org.apache.catalina.core.ApplicationContext.log Manager: list: Listing contexts for virtual host 'localhost'
13-Jun-2020 17:29:18.419 INFO [http-nio-8080-exec-111] org.apache.catalina.core.ApplicationContext.log Manager: list: Listing contexts for virtual host 'localhost'
13-Jun-2020 17:30:26.325 INFO [http-nio-8080-exec-108] org.apache.catalina.core.ApplicationContext.log Manager: list: Listing contexts for virtual host 'localhost'
13-Jun-2020 17:43:40.456 INFO [http-nio-8080-exec-113] org.apache.catalina.core.ApplicationContext.log Manager: list: Listing contexts for virtual host 'localhost'
13-Jun-2020 17:44:22.622 INFO [http-nio-8080-exec-107] org.apache.catalina.core.ApplicationContext.log Manager: list: Listing contexts for virtual host 'localhost'
13-Jun-2020 17:44:22.686 INFO [http-nio-8080-exec-111] org.apache.catalina.core.ApplicationContext.log Manager: restart: Reloading web application '/'
13-Jun-2020 17:45:13.788 INFO [http-nio-8080-exec-106] org.apache.catalina.core.ApplicationContext.log Manager: list: Listing contexts for virtual host 'localhost'
13-Jun-2020 17:45:14.894 INFO [http-nio-8080-exec-109] org.apache.catalina.core.ApplicationContext.log Manager: list: Listing contexts for virtual host 'localhost'
13-Jun-2020 17:45:14.911 INFO [http-nio-8080-exec-105] org.apache.catalina.core.ApplicationContext.log Manager: restart: Reloading web application '/'
13-Jun-2020 17:46:13.883 INFO [http-nio-8080-exec-107] org.apache.catalina.core.ApplicationContext.log Manager: list: Listing contexts for virtual host 'localhost'
13-Jun-2020 17:47:23.375 INFO [http-nio-8080-exec-117] org.apache.catalina.core.ApplicationContext.log Manager: list: Listing contexts for virtual host 'localhost'
13-Jun-2020 17:47:23.390 INFO [http-nio-8080-exec-119] org.apache.catalina.core.ApplicationContext.log Manager: restart: Reloading web application '/'
13-Jun-2020 17:47:26.021 INFO [http-nio-8080-exec-120] org.apache.catalina.core.ApplicationContext.log Manager: list: Listing contexts for virtual host 'localhost'
13-Jun-2020 17:49:30.014 INFO [http-nio-8080-exec-113] org.apache.catalina.core.ApplicationContext.log Manager: list: Listing contexts for virtual host 'localhost'
13-Jun-2020 17:51:24.358 INFO [137] org.apache.catalina.core.ApplicationContext.log Manager: list: Listing contexts for virtual host 'localhost'
13-Jun-2020 18:00:01.133 INFO [http-nio-8080-exec-125] org.apache.catalina.core.ApplicationContext.log Manager: list: Listing contexts for virtual host 'localhost'
13-Jun-2020 18:00:01.145 INFO [http-nio-8080-exec-126] org.apache.catalina.core.ApplicationContext.log Manager: restart: Reloading web application '/'
13-Jun-2020 18:00:04.760 INFO [http-nio-8080-exec-122] org.apache.catalina.core.ApplicationContext.log Manager: list: Listing contexts for virtual host 'localhost'
13-Jun-2020 18:00:04.784 INFO [http-nio-8080-exec-128] org.apache.catalina.core.ApplicationContext.log Manager: restart: Reloading web application '/'
13-Jun-2020 18:00:23.493 INFO [http-nio-8080-exec-129] org.apache.catalina.core.ApplicationContext.log Manager: list: Listing contexts for virtual host 'localhost'
13-Jun-2020 18:00:23.507 INFO [http-nio-8080-exec-131] org.apache.catalina.core.ApplicationContext.log Manager: restart: Reloading web application '/'
13-Jun-2020 18:00:26.061 INFO [http-nio-8080-exec-124] org.apache.catalina.core.ApplicationContext.log Manager: list: Listing contexts for virtual host 'localhost'
13-Jun-2020 18:00:26.076 INFO [http-nio-8080-exec-121] org.apache.catalina.core.ApplicationContext.log Manager: restart: Reloading web application '/'
13-Jun-2020 18:05:56.184 INFO [http-nio-8080-exec-137] org.apache.catalina.core.ApplicationContext.log Manager: list: Listing contexts for virtual host 'localhost'
13-Jun-2020 18:05:56.195 INFO [http-nio-8080-exec-138] org.apache.catalina.core.ApplicationContext.log Manager: restart: Reloading web application '/'
13-Jun-2020 18:06:28.122 INFO [http-nio-8080-exec-143] org.apache.catalina.core.ApplicationContext.log Manager: list: Listing contexts for virtual host 'localhost'
13-Jun-2020 18:06:28.134 INFO [http-nio-8080-exec-135] org.apache.catalina.core.ApplicationContext.log Manager: restart: Reloading web application '/'
13-Jun-2020 18:06:39.635 INFO [http-nio-8080-exec-139] org.apache.catalina.core.ApplicationContext.log Manager: list: Listing contexts for virtual host 'localhost'
13-Jun-2020 18:06:39.647 INFO [http-nio-8080-exec-148] org.apache.catalina.core.ApplicationContext.log Manager: restart: Reloading web application '/'
13-Jun-2020 18:06:51.315 INFO [http-nio-8080-exec-143] org.apache.catalina.core.ApplicationContext.log Manager: list: Listing contexts for virtual host 'localhost'
13-Jun-2020 18:06:51.330 INFO [http-nio-8080-exec-136] org.apache.catalina.core.ApplicationContext.log Manager: restart: Reloading web application '/'
13-Jun-2020 18:07:33.325 INFO [http-nio-8080-exec-145] org.apache.catalina.core.ApplicationContext.log Manager: list: Listing contexts for virtual host 'localhost'
13-Jun-2020 18:07:33.339 INFO [http-nio-8080-exec-153] org.apache.catalina.core.ApplicationContext.log Manager: restart: Reloading web application '/'
13-Jun-2020 18:08:27.887 INFO [http-nio-8080-exec-152] org.apache.catalina.core.ApplicationContext.log Manager: list: Listing contexts for virtual host 'localhost'
13-Jun-2020 18:08:27.898 INFO [http-nio-8080-exec-145] org.apache.catalina.core.ApplicationContext.log Manager: restart: Reloading web application '/'
13-Jun-2020 18:08:34.685 INFO [http-nio-8080-exec-147] org.apache.catalina.core.ApplicationContext.log Manager: list: Listing contexts for virtual host 'localhost'
13-Jun-2020 18:08:34.696 INFO [http-nio-8080-exec-154] org.apache.catalina.core.ApplicationContext.log Manager: restart: Reloading web application '/'
13-Jun-2020 18:08:51.136 INFO [http-nio-8080-exec-150] org.apache.catalina.core.ApplicationContext.log Manager: list: Listing contexts for virtual host 'localhost'
13-Jun-2020 18:08:51.148 INFO [http-nio-8080-exec-156] org.apache.catalina.core.ApplicationContext.log Manager: restart: Reloading web application '/'
13-Jun-2020 18:09:28.250 INFO [http-nio-8080-exec-155] org.apache.catalina.core.ApplicationContext.log Manager: list: Listing contexts for virtual host 'localhost'
13-Jun-2020 18:09:28.264 INFO [http-nio-8080-exec-159] org.apache.catalina.core.ApplicationContext.log Manager: restart: Reloading web application '/'
13-Jun-2020 18:09:46.766 INFO [http-nio-8080-exec-152] org.apache.catalina.core.ApplicationContext.log Manager: list: Listing contexts for virtual host 'localhost'
13-Jun-2020 18:09:46.783 INFO [http-nio-8080-exec-163] org.apache.catalina.core.ApplicationContext.log Manager: restart: Reloading web application '/'
13-Jun-2020 18:09:55.728 INFO [http-nio-8080-exec-165] org.apache.catalina.core.ApplicationContext.log Manager: list: Listing contexts for virtual host 'localhost'
13-Jun-2020 18:09:55.745 INFO [http-nio-8080-exec-162] org.apache.catalina.core.ApplicationContext.log Manager: restart: Reloading web application '/'
13-Jun-2020 18:10:56.671 INFO [http-nio-8080-exec-141] org.apache.catalina.core.ApplicationContext.log Manager: list: Listing contexts for virtual host 'localhost'
13-Jun-2020 18:10:56.682 INFO [http-nio-8080-exec-142] org.apache.catalina.core.ApplicationContext.log Manager: restart: Reloading web application '/'
13-Jun-2020 18:11:32.928 INFO [http-nio-8080-exec-166] org.apache.catalina.core.ApplicationContext.log Manager: list: Listing contexts for virtual host 'localhost'
13-Jun-2020 18:11:32.938 INFO [http-nio-8080-exec-155] org.apache.catalina.core.ApplicationContext.log Manager: restart: Reloading web application '/'
13-Jun-2020 18:12:19.209 INFO [http-nio-8080-exec-168] org.apache.catalina.core.ApplicationContext.log Manager: list: Listing contexts for virtual host 'localhost'
13-Jun-2020 18:12:19.222 INFO [http-nio-8080-exec-167] org.apache.catalina.core.ApplicationContext.log Manager: restart: Reloading web application '/'
13-Jun-2020 18:12:24.846 INFO [http-nio-8080-exec-168] org.apache.catalina.core.ApplicationContext.log Manager: list: Listing contexts for virtual host 'localhost'
13-Jun-2020 18:12:24.859 INFO [http-nio-8080-exec-171] org.apache.catalina.core.ApplicationContext.log Manager: restart: Reloading web application '/'
13-Jun-2020 18:12:55.486 INFO [http-nio-8080-exec-166] org.apache.catalina.core.ApplicationContext.log Manager: list: Listing contexts for virtual host 'localhost'
13-Jun-2020 18:12:55.499 INFO [http-nio-8080-exec-168] org.apache.catalina.core.ApplicationContext.log Manager: restart: Reloading web application '/'
13-Jun-2020 18:14:03.035 INFO [http-nio-8080-exec-175] org.apache.catalina.core.ApplicationContext.log Manager: list: Listing contexts for virtual host 'localhost'
13-Jun-2020 18:14:03.045 INFO [http-nio-8080-exec-173] org.apache.catalina.core.ApplicationContext.log Manager: restart: Reloading web application '/'
13-Jun-2020 18:14:43.268 INFO [http-nio-8080-exec-178] org.apache.catalina.core.ApplicationContext.log Manager: list: Listing contexts for virtual host 'localhost'
13-Jun-2020 18:16:44.121 INFO [http-nio-8080-exec-183] org.apache.catalina.core.ApplicationContext.log Manager: list: Listing contexts for virtual host 'localhost'
13-Jun-2020 18:17:45.023 INFO [http-nio-8080-exec-183] org.apache.catalina.core.ApplicationContext.log Manager: list: Listing contexts for virtual host 'localhost'
13-Jun-2020 18:17:55.724 INFO [http-nio-8080-exec-184] org.apache.catalina.core.ApplicationContext.log Manager: list: Listing contexts for virtual host 'localhost'
13-Jun-2020 18:18:22.130 INFO [http-nio-8080-exec-188] org.apache.catalina.core.ApplicationContext.log Manager: list: Listing contexts for virtual host 'localhost'
13-Jun-2020 18:18:33.353 INFO [http-nio-8080-exec-184] org.apache.catalina.core.ApplicationContext.log Manager: list: Listing contexts for virtual host 'localhost'
13-Jun-2020 18:19:44.313 INFO [http-nio-8080-exec-181] org.apache.catalina.core.ApplicationContext.log Manager: list: Listing contexts for virtual host 'localhost'
13-Jun-2020 18:19:44.370 INFO [http-nio-8080-exec-183] org.apache.catalina.core.ApplicationContext.log Manager: restart: Reloading web application '/'
13-Jun-2020 18:20:01.675 INFO [http-nio-8080-exec-191] org.apache.catalina.core.ApplicationContext.log Manager: list: Listing contexts for virtual host 'localhost'
13-Jun-2020 18:21:28.268 INFO [http-nio-8080-exec-192] org.apache.catalina.core.ApplicationContext.log Manager: list: Listing contexts for virtual host 'localhost'
13-Jun-2020 18:22:12.928 INFO [http-nio-8080-exec-186] org.apache.catalina.core.ApplicationContext.log Manager: list: Listing contexts for virtual host 'localhost'
13-Jun-2020 18:22:12.966 INFO [http-nio-8080-exec-187] org.apache.catalina.core.ApplicationContext.log Manager: restart: Reloading web application '/'
13-Jun-2020 18:22:18.768 INFO [http-nio-8080-exec-195] org.apache.catalina.core.ApplicationContext.log Manager: list: Listing contexts for virtual host 'localhost'
13-Jun-2020 18:22:18.784 INFO [http-nio-8080-exec-194] org.apache.catalina.core.ApplicationContext.log Manager: restart: Reloading web application '/'
